[Tue, 23 Oct 2018 13:12:12 +0000] [/twozerooah/wp-admin/admin.php?page=w3tc_general] [http://localhost/twozerooah/wp-admin/admin.php?page=w3tc_general] Minify flush called from
[Tue, 23 Oct 2018 13:12:12 +0000] [/twozerooah/wp-admin/admin.php?page=w3tc_general] [http://localhost/twozerooah/wp-admin/admin.php?page=w3tc_general] [{"file":"C:\\wamp64\\www\\twozerooah\\wp-content\\plugins\\w3-total-cache\\CacheFlush_Locally.php","line":77,"function":"flush","class":"W3TC\\Minify_MinifiedFileRequestHandler","object":{"_config":{},"_error_occurred":false},"type":"-.","args":[]},{"file":"C:\\wamp64\\www\\twozerooah\\wp-content\\plugins\\w3-total-cache\\CacheFlush.php","line":55,"function":"minifycache_flush","class":"W3TC\\CacheFlush_Locally","object":{},"type":"-.","args":[]},{"file":"C:\\wamp64\\www\\twozerooah\\wp-content\\plugins\\w3-total-cache\\w3-total-cache-api.php","line":321,"function":"minifycache_flush","class":"W3TC\\CacheFlush","object":{"_executor":{}},"type":"-.","args":[]},{"file":"C:\\wamp64\\www\\twozerooah\\wp-content\\plugins\\w3-total-cache\\Util_Admin.php","line":591,"function":"w3tc_minify_flush","args":[]},{"file":"C:\\wamp64\\www\\twozerooah\\wp-content\\plugins\\w3-total-cache\\Generic_AdminActions_Default.php","line":631,"function":"config_save","class":"W3TC\\Util_Admin","type":"::","args":[{},{}]},{"file":"C:\\wamp64\\www\\twozerooah\\wp-content\\plugins\\w3-total-cache\\Generic_AdminActions_Default.php","line":159,"function":"_w3tc_save_options_process","class":"W3TC\\Generic_AdminActions_Default","object":{},"type":"-.","args":[]},{"file":"C:\\wamp64\\www\\twozerooah\\wp-content\\plugins\\w3-total-cache\\Root_AdminActions.php","line":25,"function":"w3tc_save_options","class":"W3TC\\Generic_AdminActions_Default","object":{},"type":"-.","args":[]},{"file":"C:\\wamp64\\www\\twozerooah\\wp-content\\plugins\\w3-total-cache\\Generic_Plugin_Admin.php","line":159,"function":"execute","class":"W3TC\\Root_AdminActions","object":{},"type":"-.","args":["w3tc_save_options"]},{"file":"C:\\wamp64\\www\\twozerooah\\wp-includes\\class-wp-hook.php","line":286,"function":"load","class":"W3TC\\Generic_Plugin_Admin","object":{},"type":"-.","args":[""]},{"file":"C:\\wamp64\\www\\twozerooah\\wp-includes\\class-wp-hook.php","line":310,"function":"apply_filters","class":"WP_Hook","object":{"callbacks":{"10":{"000000001b5e1b0000000000229a04f1load":{"function":[{},"load"],"accepted_args":1}}}},"type":"-.","args":["",[""]]},{"file":"C:\\wamp64\\www\\twozerooah\\wp-includes\\plugin.php","line":453,"function":"do_action","class":"WP_Hook","object":{"callbacks":{"10":{"000000001b5e1b0000000000229a04f1load":{"function":[{},"load"],"accepted_args":1}}}},"type":"-.","args":[[""]]},{"file":"C:\\wamp64\\www\\twozerooah\\wp-admin\\admin.php","line":214,"function":"do_action","args":["load-performance_page_w3tc_general"]}]
[Wed, 24 Oct 2018 07:11:17 +0000] [/twozerooah/festive-offers/festive-season-sale/] [http://localhost/twozerooah/festive-offers/festive-season-sale/] processing tag .script defer async src="https://www.googletagmanager.com/gtag/js?id=UA-121787835-1"../script.
[Wed, 24 Oct 2018 07:11:17 +0000] [/twozerooah/festive-offers/festive-season-sale/] [http://localhost/twozerooah/festive-offers/festive-season-sale/] is_file_for_minification: external not whitelisted url https://www.googletagmanager.com/gtag/js?id=UA-121787835-1
[Wed, 24 Oct 2018 07:11:17 +0000] [/twozerooah/festive-offers/festive-season-sale/] [http://localhost/twozerooah/festive-offers/festive-season-sale/] file  didnt pass minification check: file_for_min: false ignore_js_files: false
[Wed, 24 Oct 2018 07:11:17 +0000] [/twozerooah/festive-offers/festive-season-sale/] [http://localhost/twozerooah/festive-offers/festive-season-sale/] processing tag .script defer.
  window.dataLayer = window.dataLayer || [];
  function gtag(){dataLayer.push(arguments);}
  gtag('js', new Date());
  gtag('config', '
[Wed, 24 Oct 2018 07:11:17 +0000] [/twozerooah/festive-offers/festive-season-sale/] [http://localhost/twozerooah/festive-offers/festive-season-sale/] its not src=, flushing
[Wed, 24 Oct 2018 07:11:17 +0000] [/twozerooah/festive-offers/festive-season-sale/] [http://localhost/twozerooah/festive-offers/festive-season-sale/] processing tag .script type="text/javascript".
					var bhittani_plugin_kksr_js = {"nonce":"f52eab2b9a","grs":true,"ajaxurl":"http:\/\/localhost\/twozerooah\/wp-adm
[Wed, 24 Oct 2018 07:11:17 +0000] [/twozerooah/festive-offers/festive-season-sale/] [http://localhost/twozerooah/festive-offers/festive-season-sale/] its not src=, flushing
[Wed, 24 Oct 2018 07:11:17 +0000] [/twozerooah/festive-offers/festive-season-sale/] [http://localhost/twozerooah/festive-offers/festive-season-sale/] processing tag .script type='application/ld+json'.{"@context":"http:\/\/schema.org","@type":"WebSite","@id":"#website","url":"http:\/\/localhost\/twozerooah\/","name
[Wed, 24 Oct 2018 07:11:17 +0000] [/twozerooah/festive-offers/festive-season-sale/] [http://localhost/twozerooah/festive-offers/festive-season-sale/] its not src=, flushing
[Wed, 24 Oct 2018 07:11:17 +0000] [/twozerooah/festive-offers/festive-season-sale/] [http://localhost/twozerooah/festive-offers/festive-season-sale/] processing tag .script type='application/ld+json'.{"@context":"http:\/\/schema.org","@type":"Organization","url":"http:\/\/localhost\/twozerooah\/festive-offers\/fes
[Wed, 24 Oct 2018 07:11:17 +0000] [/twozerooah/festive-offers/festive-season-sale/] [http://localhost/twozerooah/festive-offers/festive-season-sale/] its not src=, flushing
[Wed, 24 Oct 2018 07:11:17 +0000] [/twozerooah/festive-offers/festive-season-sale/] [http://localhost/twozerooah/festive-offers/festive-season-sale/] processing tag .script type="text/javascript".
			window._wpemojiSettings = {"baseUrl":"https:\/\/s.w.org\/images\/core\/emoji\/11\/72x72\/","ext":".png","svgUrl":"h
[Wed, 24 Oct 2018 07:11:17 +0000] [/twozerooah/festive-offers/festive-season-sale/] [http://localhost/twozerooah/festive-offers/festive-season-sale/] its not src=, flushing
[Wed, 24 Oct 2018 07:11:17 +0000] [/twozerooah/festive-offers/festive-season-sale/] [http://localhost/twozerooah/festive-offers/festive-season-sale/] processing tag .script type='text/javascript' src='http://localhost/twozerooah/wp-includes/js/jquery/jquery.js?ver=1.12.4'../script.
[Wed, 24 Oct 2018 07:11:17 +0000] [/twozerooah/festive-offers/festive-season-sale/] [http://localhost/twozerooah/festive-offers/festive-season-sale/] is_file_for_minification: true for file twozerooah\/wp-includes/js/jquery/jquery.js path C:\wamp64\www\twozerooah\/wp-includes/js/jquery/jquery.js
[Wed, 24 Oct 2018 07:11:17 +0000] [/twozerooah/festive-offers/festive-season-sale/] [http://localhost/twozerooah/festive-offers/festive-season-sale/] processing tag .script type='text/javascript' src='http://localhost/twozerooah/wp-includes/js/jquery/jquery-migrate.min.js?ver=1.4.1'../script.
[Wed, 24 Oct 2018 07:11:17 +0000] [/twozerooah/festive-offers/festive-season-sale/] [http://localhost/twozerooah/festive-offers/festive-season-sale/] is_file_for_minification: true for file twozerooah\/wp-includes/js/jquery/jquery-migrate.min.js path C:\wamp64\www\twozerooah\/wp-includes/js/jquery/jquery-migrate.min.js
[Wed, 24 Oct 2018 07:11:17 +0000] [/twozerooah/festive-offers/festive-season-sale/] [http://localhost/twozerooah/festive-offers/festive-season-sale/] processing tag .script type='text/javascript' src='http://localhost/twozerooah/wp-content/plugins/kk-star-ratings/js.min.js?ver=2.6.1'../script.
[Wed, 24 Oct 2018 07:11:18 +0000] [/twozerooah/festive-offers/festive-season-sale/] [http://localhost/twozerooah/festive-offers/festive-season-sale/] is_file_for_minification: true for file twozerooah\/wp-content/plugins/kk-star-ratings/js.min.js path C:\wamp64\www\twozerooah\/wp-content/plugins/kk-star-ratings/js.min.js
[Wed, 24 Oct 2018 07:11:18 +0000] [/twozerooah/festive-offers/festive-season-sale/] [http://localhost/twozerooah/festive-offers/festive-season-sale/] processing tag .script type='text/javascript' src='http://localhost/twozerooah/wp-content/themes/wp-coupon/assets/js/libs/semantic.min.js?ver=4.9.8'../script.
[Wed, 24 Oct 2018 07:11:18 +0000] [/twozerooah/festive-offers/festive-season-sale/] [http://localhost/twozerooah/festive-offers/festive-season-sale/] is_file_for_minification: true for file twozerooah\/wp-content/themes/wp-coupon/assets/js/libs/semantic.min.js path C:\wamp64\www\twozerooah\/wp-content/themes/wp-coupon/assets/js/libs/semantic.min.js
[Wed, 24 Oct 2018 07:11:18 +0000] [/twozerooah/festive-offers/festive-season-sale/] [http://localhost/twozerooah/festive-offers/festive-season-sale/] processing tag ./head.
[Wed, 24 Oct 2018 07:11:18 +0000] [/twozerooah/festive-offers/festive-season-sale/] [http://localhost/twozerooah/festive-offers/festive-season-sale/] its not src=, flushing
[Wed, 24 Oct 2018 07:11:18 +0000] [/twozerooah/festive-offers/festive-season-sale/] [http://localhost/twozerooah/festive-offers/festive-season-sale/] processing tag .script async src="//pagead2.googlesyndication.com/pagead/js/adsbygoogle.js"../script.
[Wed, 24 Oct 2018 07:11:18 +0000] [/twozerooah/festive-offers/festive-season-sale/] [http://localhost/twozerooah/festive-offers/festive-season-sale/] is_file_for_minification: external not whitelisted url //pagead2.googlesyndication.com/pagead/js/adsbygoogle.js
[Wed, 24 Oct 2018 07:11:18 +0000] [/twozerooah/festive-offers/festive-season-sale/] [http://localhost/twozerooah/festive-offers/festive-season-sale/] file  didnt pass minification check: file_for_min: false ignore_js_files: false
[Wed, 24 Oct 2018 07:11:18 +0000] [/twozerooah/festive-offers/festive-season-sale/] [http://localhost/twozerooah/festive-offers/festive-season-sale/] processing tag .script.
     (adsbygoogle = window.adsbygoogle || []).push({
          google_ad_client: "ca-pub-5804853485698561",
          enable_page_level_ads: 
[Wed, 24 Oct 2018 07:11:18 +0000] [/twozerooah/festive-offers/festive-season-sale/] [http://localhost/twozerooah/festive-offers/festive-season-sale/] its not src=, flushing
[Wed, 24 Oct 2018 07:11:18 +0000] [/twozerooah/festive-offers/festive-season-sale/] [http://localhost/twozerooah/festive-offers/festive-season-sale/] processing tag .script async src="//pagead2.googlesyndication.com/pagead/js/adsbygoogle.js"../script.
[Wed, 24 Oct 2018 07:11:18 +0000] [/twozerooah/festive-offers/festive-season-sale/] [http://localhost/twozerooah/festive-offers/festive-season-sale/] is_file_for_minification: external not whitelisted url //pagead2.googlesyndication.com/pagead/js/adsbygoogle.js
[Wed, 24 Oct 2018 07:11:18 +0000] [/twozerooah/festive-offers/festive-season-sale/] [http://localhost/twozerooah/festive-offers/festive-season-sale/] file  didnt pass minification check: file_for_min: false ignore_js_files: false
[Wed, 24 Oct 2018 07:11:18 +0000] [/twozerooah/festive-offers/festive-season-sale/] [http://localhost/twozerooah/festive-offers/festive-season-sale/] processing tag .script.
(adsbygoogle = window.adsbygoogle || []).push({});
./script.
[Wed, 24 Oct 2018 07:11:18 +0000] [/twozerooah/festive-offers/festive-season-sale/] [http://localhost/twozerooah/festive-offers/festive-season-sale/] its not src=, flushing
[Wed, 24 Oct 2018 07:11:18 +0000] [/twozerooah/festive-offers/festive-season-sale/] [http://localhost/twozerooah/festive-offers/festive-season-sale/] processing tag .script async src="//pagead2.googlesyndication.com/pagead/js/adsbygoogle.js"../script.
[Wed, 24 Oct 2018 07:11:18 +0000] [/twozerooah/festive-offers/festive-season-sale/] [http://localhost/twozerooah/festive-offers/festive-season-sale/] is_file_for_minification: external not whitelisted url //pagead2.googlesyndication.com/pagead/js/adsbygoogle.js
[Wed, 24 Oct 2018 07:11:18 +0000] [/twozerooah/festive-offers/festive-season-sale/] [http://localhost/twozerooah/festive-offers/festive-season-sale/] file  didnt pass minification check: file_for_min: false ignore_js_files: false
[Wed, 24 Oct 2018 07:11:18 +0000] [/twozerooah/festive-offers/festive-season-sale/] [http://localhost/twozerooah/festive-offers/festive-season-sale/] processing tag .script.
(adsbygoogle = window.adsbygoogle || []).push({});
./script.
[Wed, 24 Oct 2018 07:11:18 +0000] [/twozerooah/festive-offers/festive-season-sale/] [http://localhost/twozerooah/festive-offers/festive-season-sale/] its not src=, flushing
[Wed, 24 Oct 2018 07:11:18 +0000] [/twozerooah/festive-offers/festive-season-sale/] [http://localhost/twozerooah/festive-offers/festive-season-sale/] processing tag .script.
jQuery( document ).ready(function()
{ jQuery('body . a').attr("rel", "");
});
./script.
[Wed, 24 Oct 2018 07:11:18 +0000] [/twozerooah/festive-offers/festive-season-sale/] [http://localhost/twozerooah/festive-offers/festive-season-sale/] its not src=, flushing
[Wed, 24 Oct 2018 07:11:18 +0000] [/twozerooah/festive-offers/festive-season-sale/] [http://localhost/twozerooah/festive-offers/festive-season-sale/] processing tag .script type='text/javascript'.
/* .![CDATA[ */
var wpcf7 = {"apiSettings":{"root":"http:\/\/localhost\/twozerooah\/wp-json\/contact-form-7\/v1","name
[Wed, 24 Oct 2018 07:11:18 +0000] [/twozerooah/festive-offers/festive-season-sale/] [http://localhost/twozerooah/festive-offers/festive-season-sale/] its not src=, flushing
[Wed, 24 Oct 2018 07:11:18 +0000] [/twozerooah/festive-offers/festive-season-sale/] [http://localhost/twozerooah/festive-offers/festive-season-sale/] processing tag .script type='text/javascript' src='http://localhost/twozerooah/wp-content/plugins/contact-form-7/includes/js/scripts.js?ver=5.0.4'../script.
[Wed, 24 Oct 2018 07:11:18 +0000] [/twozerooah/festive-offers/festive-season-sale/] [http://localhost/twozerooah/festive-offers/festive-season-sale/] is_file_for_minification: true for file twozerooah\/wp-content/plugins/contact-form-7/includes/js/scripts.js path C:\wamp64\www\twozerooah\/wp-content/plugins/contact-form-7/includes/js/scripts.js
[Wed, 24 Oct 2018 07:11:18 +0000] [/twozerooah/festive-offers/festive-season-sale/] [http://localhost/twozerooah/festive-offers/festive-season-sale/] processing tag .script type='text/javascript'.
/* .![CDATA[ */
var cnArgs = {"ajaxurl":"http:\/\/localhost\/twozerooah\/wp-admin\/admin-ajax.php","hideEffect":"fade"
[Wed, 24 Oct 2018 07:11:18 +0000] [/twozerooah/festive-offers/festive-season-sale/] [http://localhost/twozerooah/festive-offers/festive-season-sale/] its not src=, flushing
[Wed, 24 Oct 2018 07:11:18 +0000] [/twozerooah/festive-offers/festive-season-sale/] [http://localhost/twozerooah/festive-offers/festive-season-sale/] processing tag .script type='text/javascript' src='http://localhost/twozerooah/wp-content/plugins/cookie-notice/js/front.min.js?ver=1.2.44'../script.
[Wed, 24 Oct 2018 07:11:18 +0000] [/twozerooah/festive-offers/festive-season-sale/] [http://localhost/twozerooah/festive-offers/festive-season-sale/] is_file_for_minification: true for file twozerooah\/wp-content/plugins/cookie-notice/js/front.min.js path C:\wamp64\www\twozerooah\/wp-content/plugins/cookie-notice/js/front.min.js
[Wed, 24 Oct 2018 07:11:18 +0000] [/twozerooah/festive-offers/festive-season-sale/] [http://localhost/twozerooah/festive-offers/festive-season-sale/] processing tag .script type='text/javascript'.
/* .![CDATA[ */
var es_widget_page_notices = {"es_email_notice":"Please enter email address","es_success_message":"Suc
[Wed, 24 Oct 2018 07:11:18 +0000] [/twozerooah/festive-offers/festive-season-sale/] [http://localhost/twozerooah/festive-offers/festive-season-sale/] its not src=, flushing
[Wed, 24 Oct 2018 07:11:18 +0000] [/twozerooah/festive-offers/festive-season-sale/] [http://localhost/twozerooah/festive-offers/festive-season-sale/] processing tag .script type='text/javascript' src='http://localhost/twozerooah/wp-content/plugins/email-subscribers/widget/es-widget-page.js?ver=4.9.8'../script.
[Wed, 24 Oct 2018 07:11:18 +0000] [/twozerooah/festive-offers/festive-season-sale/] [http://localhost/twozerooah/festive-offers/festive-season-sale/] is_file_for_minification: true for file twozerooah\/wp-content/plugins/email-subscribers/widget/es-widget-page.js path C:\wamp64\www\twozerooah\/wp-content/plugins/email-subscribers/widget/es-widget-page.js
[Wed, 24 Oct 2018 07:11:18 +0000] [/twozerooah/festive-offers/festive-season-sale/] [http://localhost/twozerooah/festive-offers/festive-season-sale/] processing tag .script type='text/javascript' src='http://localhost/twozerooah/wp-includes/js/comment-reply.min.js?ver=4.9.8'../script.
[Wed, 24 Oct 2018 07:11:18 +0000] [/twozerooah/festive-offers/festive-season-sale/] [http://localhost/twozerooah/festive-offers/festive-season-sale/] is_file_for_minification: true for file twozerooah\/wp-includes/js/comment-reply.min.js path C:\wamp64\www\twozerooah\/wp-includes/js/comment-reply.min.js
[Wed, 24 Oct 2018 07:11:18 +0000] [/twozerooah/festive-offers/festive-season-sale/] [http://localhost/twozerooah/festive-offers/festive-season-sale/] processing tag .script type='text/javascript' src='http://localhost/twozerooah/wp-content/themes/wp-coupon/assets/js/libs.js?ver=4.9.8'../script.
[Wed, 24 Oct 2018 07:11:18 +0000] [/twozerooah/festive-offers/festive-season-sale/] [http://localhost/twozerooah/festive-offers/festive-season-sale/] is_file_for_minification: true for file twozerooah\/wp-content/themes/wp-coupon/assets/js/libs.js path C:\wamp64\www\twozerooah\/wp-content/themes/wp-coupon/assets/js/libs.js
[Wed, 24 Oct 2018 07:11:18 +0000] [/twozerooah/festive-offers/festive-season-sale/] [http://localhost/twozerooah/festive-offers/festive-season-sale/] processing tag .script type='text/javascript'.
/* .![CDATA[ */
var ST = {"ajax_url":"http:\/\/localhost\/twozerooah\/wp-admin\/admin-ajax.php","home_url":"http:\/\/l
[Wed, 24 Oct 2018 07:11:18 +0000] [/twozerooah/festive-offers/festive-season-sale/] [http://localhost/twozerooah/festive-offers/festive-season-sale/] its not src=, flushing
[Wed, 24 Oct 2018 07:11:18 +0000] [/twozerooah/festive-offers/festive-season-sale/] [http://localhost/twozerooah/festive-offers/festive-season-sale/] processing tag .script type='text/javascript' src='http://localhost/twozerooah/wp-content/themes/wp-coupon/assets/js/global.js?ver=4.9.8'../script.
[Wed, 24 Oct 2018 07:11:18 +0000] [/twozerooah/festive-offers/festive-season-sale/] [http://localhost/twozerooah/festive-offers/festive-season-sale/] is_file_for_minification: true for file twozerooah\/wp-content/themes/wp-coupon/assets/js/global.js path C:\wamp64\www\twozerooah\/wp-content/themes/wp-coupon/assets/js/global.js
[Wed, 24 Oct 2018 07:11:18 +0000] [/twozerooah/festive-offers/festive-season-sale/] [http://localhost/twozerooah/festive-offers/festive-season-sale/] processing tag .script type='text/javascript'.
/* .![CDATA[ */
var WP_Users = {"ajax_url":"http:\/\/localhost\/twozerooah\/wp-admin\/admin-ajax.php","current_action"
[Wed, 24 Oct 2018 07:11:18 +0000] [/twozerooah/festive-offers/festive-season-sale/] [http://localhost/twozerooah/festive-offers/festive-season-sale/] its not src=, flushing
[Wed, 24 Oct 2018 07:11:18 +0000] [/twozerooah/festive-offers/festive-season-sale/] [http://localhost/twozerooah/festive-offers/festive-season-sale/] processing tag .script type='text/javascript' src='http://localhost/twozerooah/wp-content/plugins/wp-users/public/assets/js/user.js?ver=1.0'../script.
[Wed, 24 Oct 2018 07:11:18 +0000] [/twozerooah/festive-offers/festive-season-sale/] [http://localhost/twozerooah/festive-offers/festive-season-sale/] is_file_for_minification: true for file twozerooah\/wp-content/plugins/wp-users/public/assets/js/user.js path C:\wamp64\www\twozerooah\/wp-content/plugins/wp-users/public/assets/js/user.js
[Wed, 24 Oct 2018 07:11:18 +0000] [/twozerooah/festive-offers/festive-season-sale/] [http://localhost/twozerooah/festive-offers/festive-season-sale/] processing tag .script type='text/javascript' src='http://localhost/twozerooah/wp-includes/js/wp-embed.min.js?ver=4.9.8'../script.
[Wed, 24 Oct 2018 07:11:18 +0000] [/twozerooah/festive-offers/festive-season-sale/] [http://localhost/twozerooah/festive-offers/festive-season-sale/] is_file_for_minification: true for file twozerooah\/wp-includes/js/wp-embed.min.js path C:\wamp64\www\twozerooah\/wp-includes/js/wp-embed.min.js
[Wed, 24 Oct 2018 07:11:18 +0000] [/twozerooah/festive-offers/festive-season-sale/] [http://localhost/twozerooah/festive-offers/festive-season-sale/] processing tag .script async.
    var modal = document.getElementById('myModal');
var btn = document.getElementById("myBtn");
var span = document.getElementsByClassN
[Wed, 24 Oct 2018 07:11:18 +0000] [/twozerooah/festive-offers/festive-season-sale/] [http://localhost/twozerooah/festive-offers/festive-season-sale/] its not src=, flushing
[Wed, 24 Oct 2018 07:11:18 +0000] [/twozerooah/festive-offers/festive-season-sale/] [http://localhost/twozerooah/festive-offers/festive-season-sale/] processing tag .script async.

	    jQuery(function() {
        var limit = 100;
        var chars = jQuery(".header-content p").text(); 
        if (chars.length . 
[Wed, 24 Oct 2018 07:11:18 +0000] [/twozerooah/festive-offers/festive-season-sale/] [http://localhost/twozerooah/festive-offers/festive-season-sale/] its not src=, flushing
[Wed, 24 Oct 2018 07:11:18 +0000] [/twozerooah/festive-offers/festive-season-sale/] [http://localhost/twozerooah/festive-offers/festive-season-sale/] adding http://localhost/twozerooah/wp-includes/css/dashicons.min.css?ver=4.9.8
[Wed, 24 Oct 2018 07:11:18 +0000] [/twozerooah/festive-offers/festive-season-sale/] [http://localhost/twozerooah/festive-offers/festive-season-sale/] is_file_for_minification: true for file twozerooah\/wp-includes/css/dashicons.min.css path C:\wamp64\www\twozerooah\/wp-includes/css/dashicons.min.css
[Wed, 24 Oct 2018 07:11:18 +0000] [/twozerooah/festive-offers/festive-season-sale/] [http://localhost/twozerooah/festive-offers/festive-season-sale/] adding http://localhost/twozerooah/wp-content/plugins/menu-icons/css/extra.min.css?ver=0.11.2
[Wed, 24 Oct 2018 07:11:19 +0000] [/twozerooah/festive-offers/festive-season-sale/] [http://localhost/twozerooah/festive-offers/festive-season-sale/] is_file_for_minification: true for file twozerooah\/wp-content/plugins/menu-icons/css/extra.min.css path C:\wamp64\www\twozerooah\/wp-content/plugins/menu-icons/css/extra.min.css
[Wed, 24 Oct 2018 07:11:19 +0000] [/twozerooah/festive-offers/festive-season-sale/] [http://localhost/twozerooah/festive-offers/festive-season-sale/] adding http://localhost/twozerooah/wp-content/plugins/contact-form-7/includes/css/styles.css?ver=5.0.4
[Wed, 24 Oct 2018 07:11:19 +0000] [/twozerooah/festive-offers/festive-season-sale/] [http://localhost/twozerooah/festive-offers/festive-season-sale/] is_file_for_minification: true for file twozerooah\/wp-content/plugins/contact-form-7/includes/css/styles.css path C:\wamp64\www\twozerooah\/wp-content/plugins/contact-form-7/includes/css/styles.css
[Wed, 24 Oct 2018 07:11:19 +0000] [/twozerooah/festive-offers/festive-season-sale/] [http://localhost/twozerooah/festive-offers/festive-season-sale/] adding http://localhost/twozerooah/wp-content/plugins/cookie-notice/css/front.min.css?ver=4.9.8
[Wed, 24 Oct 2018 07:11:19 +0000] [/twozerooah/festive-offers/festive-season-sale/] [http://localhost/twozerooah/festive-offers/festive-season-sale/] is_file_for_minification: true for file twozerooah\/wp-content/plugins/cookie-notice/css/front.min.css path C:\wamp64\www\twozerooah\/wp-content/plugins/cookie-notice/css/front.min.css
[Wed, 24 Oct 2018 07:11:19 +0000] [/twozerooah/festive-offers/festive-season-sale/] [http://localhost/twozerooah/festive-offers/festive-season-sale/] adding http://localhost/twozerooah/wp-content/plugins/email-subscribers/widget/es-widget.css?ver=4.9.8
[Wed, 24 Oct 2018 07:11:19 +0000] [/twozerooah/festive-offers/festive-season-sale/] [http://localhost/twozerooah/festive-offers/festive-season-sale/] is_file_for_minification: true for file twozerooah\/wp-content/plugins/email-subscribers/widget/es-widget.css path C:\wamp64\www\twozerooah\/wp-content/plugins/email-subscribers/widget/es-widget.css
[Wed, 24 Oct 2018 07:11:19 +0000] [/twozerooah/festive-offers/festive-season-sale/] [http://localhost/twozerooah/festive-offers/festive-season-sale/] adding http://localhost/twozerooah/wp-content/plugins/kk-star-ratings/css.css?ver=2.6.1
[Wed, 24 Oct 2018 07:11:19 +0000] [/twozerooah/festive-offers/festive-season-sale/] [http://localhost/twozerooah/festive-offers/festive-season-sale/] is_file_for_minification: true for file twozerooah\/wp-content/plugins/kk-star-ratings/css.css path C:\wamp64\www\twozerooah\/wp-content/plugins/kk-star-ratings/css.css
[Wed, 24 Oct 2018 07:11:19 +0000] [/twozerooah/festive-offers/festive-season-sale/] [http://localhost/twozerooah/festive-offers/festive-season-sale/] adding http://localhost/twozerooah/wp-content/themes/wp-coupon/style.css?ver=4.9.8
[Wed, 24 Oct 2018 07:11:19 +0000] [/twozerooah/festive-offers/festive-season-sale/] [http://localhost/twozerooah/festive-offers/festive-season-sale/] is_file_for_minification: true for file twozerooah\/wp-content/themes/wp-coupon/style.css path C:\wamp64\www\twozerooah\/wp-content/themes/wp-coupon/style.css
[Wed, 24 Oct 2018 07:11:19 +0000] [/twozerooah/festive-offers/festive-season-sale/] [http://localhost/twozerooah/festive-offers/festive-season-sale/] adding http://localhost/twozerooah/wp-content/themes/wp-coupon/assets/css/semantic.min.css?ver=4.2.0
[Wed, 24 Oct 2018 07:11:19 +0000] [/twozerooah/festive-offers/festive-season-sale/] [http://localhost/twozerooah/festive-offers/festive-season-sale/] is_file_for_minification: true for file twozerooah\/wp-content/themes/wp-coupon/assets/css/semantic.min.css path C:\wamp64\www\twozerooah\/wp-content/themes/wp-coupon/assets/css/semantic.min.css
[Wed, 24 Oct 2018 07:11:19 +0000] [/twozerooah/festive-offers/festive-season-sale/] [http://localhost/twozerooah/festive-offers/festive-season-sale/] adding http://localhost/twozerooah/wp-content/plugins/wp-users/public/assets/css/style.css?ver=4.9.8
[Wed, 24 Oct 2018 07:11:19 +0000] [/twozerooah/festive-offers/festive-season-sale/] [http://localhost/twozerooah/festive-offers/festive-season-sale/] is_file_for_minification: true for file twozerooah\/wp-content/plugins/wp-users/public/assets/css/style.css path C:\wamp64\www\twozerooah\/wp-content/plugins/wp-users/public/assets/css/style.css
[Wed, 24 Oct 2018 07:11:19 +0000] [/twozerooah/festive-offers/festive-season-sale/] [http://localhost/twozerooah/festive-offers/festive-season-sale/] adding http://localhost/twozerooah/wp-content/plugins/coupon-wp-megamenu-addon/css/mega.css?ver=4.9.8
[Wed, 24 Oct 2018 07:11:19 +0000] [/twozerooah/festive-offers/festive-season-sale/] [http://localhost/twozerooah/festive-offers/festive-season-sale/] is_file_for_minification: true for file twozerooah\/wp-content/plugins/coupon-wp-megamenu-addon/css/mega.css path C:\wamp64\www\twozerooah\/wp-content/plugins/coupon-wp-megamenu-addon/css/mega.css
[Wed, 24 Oct 2018 07:12:31 +0000] [/twozerooah/keep-me/?interim-login=1&wp_lang=en_US] [http://localhost/twozerooah/wp-admin/plugins.php?plugin_status=all&paged=1&s] processing tag ./head.
[Wed, 24 Oct 2018 07:12:31 +0000] [/twozerooah/keep-me/?interim-login=1&wp_lang=en_US] [http://localhost/twozerooah/wp-admin/plugins.php?plugin_status=all&paged=1&s] its not src=, flushing
[Wed, 24 Oct 2018 07:12:31 +0000] [/twozerooah/keep-me/?interim-login=1&wp_lang=en_US] [http://localhost/twozerooah/wp-admin/plugins.php?plugin_status=all&paged=1&s] processing tag .script type="text/javascript".
function wp_attempt_focus(){
setTimeout( function(){ try{
d = document.getElementById('user_login');
d.focus();
d.sele
[Wed, 24 Oct 2018 07:12:31 +0000] [/twozerooah/keep-me/?interim-login=1&wp_lang=en_US] [http://localhost/twozerooah/wp-admin/plugins.php?plugin_status=all&paged=1&s] its not src=, flushing
[Wed, 24 Oct 2018 07:12:31 +0000] [/twozerooah/keep-me/?interim-login=1&wp_lang=en_US] [http://localhost/twozerooah/wp-admin/plugins.php?plugin_status=all&paged=1&s] adding http://localhost/twozerooah/wp-admin/load-styles.php?c=0&amp;dir=ltr&amp;load%5B%5D=dashicons,buttons,forms,l10n,login&amp;ver=4.9.8
[Wed, 24 Oct 2018 07:12:31 +0000] [/twozerooah/keep-me/?interim-login=1&wp_lang=en_US] [http://localhost/twozerooah/wp-admin/plugins.php?plugin_status=all&paged=1&s] is_file_for_minification: unknown extension .php for twozerooah\/wp-admin/load-styles.php
[Wed, 24 Oct 2018 07:12:34 +0000] [/twozerooah/keep-me/?interim-login=1&wp_lang=en_US] [http://localhost/twozerooah/wp-admin/edit.php] processing tag ./head.
[Wed, 24 Oct 2018 07:12:35 +0000] [/twozerooah/keep-me/?interim-login=1&wp_lang=en_US] [http://localhost/twozerooah/wp-admin/edit.php] its not src=, flushing
[Wed, 24 Oct 2018 07:12:35 +0000] [/twozerooah/keep-me/?interim-login=1&wp_lang=en_US] [http://localhost/twozerooah/wp-admin/edit.php] processing tag .script type="text/javascript".
function wp_attempt_focus(){
setTimeout( function(){ try{
d = document.getElementById('user_login');
d.focus();
d.sele
[Wed, 24 Oct 2018 07:12:35 +0000] [/twozerooah/keep-me/?interim-login=1&wp_lang=en_US] [http://localhost/twozerooah/wp-admin/edit.php] its not src=, flushing
[Wed, 24 Oct 2018 07:12:35 +0000] [/twozerooah/keep-me/?interim-login=1&wp_lang=en_US] [http://localhost/twozerooah/wp-admin/edit.php] adding http://localhost/twozerooah/wp-admin/load-styles.php?c=0&amp;dir=ltr&amp;load%5B%5D=dashicons,buttons,forms,l10n,login&amp;ver=4.9.8
[Wed, 24 Oct 2018 07:12:35 +0000] [/twozerooah/keep-me/?interim-login=1&wp_lang=en_US] [http://localhost/twozerooah/wp-admin/edit.php] is_file_for_minification: unknown extension .php for twozerooah\/wp-admin/load-styles.php
[Wed, 24 Oct 2018 07:12:36 +0000] [/twozerooah/keep-me/] [http://localhost/twozerooah/keep-me/?interim-login=1&wp_lang=en_US] processing tag ./head.
[Wed, 24 Oct 2018 07:12:36 +0000] [/twozerooah/keep-me/] [http://localhost/twozerooah/keep-me/?interim-login=1&wp_lang=en_US] its not src=, flushing
[Wed, 24 Oct 2018 07:12:36 +0000] [/twozerooah/keep-me/] [http://localhost/twozerooah/keep-me/?interim-login=1&wp_lang=en_US] adding http://localhost/twozerooah/wp-admin/load-styles.php?c=0&amp;dir=ltr&amp;load%5B%5D=dashicons,buttons,forms,l10n,login&amp;ver=4.9.8
[Wed, 24 Oct 2018 07:12:36 +0000] [/twozerooah/keep-me/] [http://localhost/twozerooah/keep-me/?interim-login=1&wp_lang=en_US] is_file_for_minification: unknown extension .php for twozerooah\/wp-admin/load-styles.php
[Wed, 24 Oct 2018 10:08:44 +0000] [/twozerooah/] [-] processing tag .script defer async src="https://www.googletagmanager.com/gtag/js?id=UA-121787835-1"../script.
[Wed, 24 Oct 2018 10:08:44 +0000] [/twozerooah/] [-] is_file_for_minification: external not whitelisted url https://www.googletagmanager.com/gtag/js?id=UA-121787835-1
[Wed, 24 Oct 2018 10:08:44 +0000] [/twozerooah/] [-] file  didnt pass minification check: file_for_min: false ignore_js_files: false
[Wed, 24 Oct 2018 10:08:44 +0000] [/twozerooah/] [-] processing tag .script defer.
  window.dataLayer = window.dataLayer || [];
  function gtag(){dataLayer.push(arguments);}
  gtag('js', new Date());
  gtag('config', '
[Wed, 24 Oct 2018 10:08:44 +0000] [/twozerooah/] [-] its not src=, flushing
[Wed, 24 Oct 2018 10:08:44 +0000] [/twozerooah/] [-] processing tag .script type="text/javascript".
					var bhittani_plugin_kksr_js = {"nonce":"f52eab2b9a","grs":true,"ajaxurl":"http:\/\/localhost\/twozerooah\/wp-adm
[Wed, 24 Oct 2018 10:08:44 +0000] [/twozerooah/] [-] its not src=, flushing
[Wed, 24 Oct 2018 10:08:44 +0000] [/twozerooah/] [-] processing tag .script type='application/ld+json'.{"@context":"http:\/\/schema.org","@type":"WebSite","@id":"#website","url":"http:\/\/localhost\/twozerooah\/","name
[Wed, 24 Oct 2018 10:08:44 +0000] [/twozerooah/] [-] its not src=, flushing
[Wed, 24 Oct 2018 10:08:44 +0000] [/twozerooah/] [-] processing tag .script type='application/ld+json'.{"@context":"http:\/\/schema.org","@type":"Organization","url":"http:\/\/localhost\/twozerooah\/","sameAs":["https:
[Wed, 24 Oct 2018 10:08:44 +0000] [/twozerooah/] [-] its not src=, flushing
[Wed, 24 Oct 2018 10:08:44 +0000] [/twozerooah/] [-] processing tag .script type="text/javascript".
			window._wpemojiSettings = {"baseUrl":"https:\/\/s.w.org\/images\/core\/emoji\/11\/72x72\/","ext":".png","svgUrl":"h
[Wed, 24 Oct 2018 10:08:44 +0000] [/twozerooah/] [-] its not src=, flushing
[Wed, 24 Oct 2018 10:08:44 +0000] [/twozerooah/] [-] processing tag .script type='text/javascript' src='http://localhost/twozerooah/wp-includes/js/jquery/jquery.js?ver=1.12.4'../script.
[Wed, 24 Oct 2018 10:08:44 +0000] [/twozerooah/] [-] is_file_for_minification: true for file twozerooah\/wp-includes/js/jquery/jquery.js path C:\wamp64\www\twozerooah\/wp-includes/js/jquery/jquery.js
[Wed, 24 Oct 2018 10:08:44 +0000] [/twozerooah/] [-] processing tag .script type='text/javascript' src='http://localhost/twozerooah/wp-includes/js/jquery/jquery-migrate.min.js?ver=1.4.1'../script.
[Wed, 24 Oct 2018 10:08:44 +0000] [/twozerooah/] [-] is_file_for_minification: true for file twozerooah\/wp-includes/js/jquery/jquery-migrate.min.js path C:\wamp64\www\twozerooah\/wp-includes/js/jquery/jquery-migrate.min.js
[Wed, 24 Oct 2018 10:08:44 +0000] [/twozerooah/] [-] processing tag .script type='text/javascript'.
/* .![CDATA[ */
var wpcf7 = {"apiSettings":{"root":"http:\/\/localhost\/twozerooah\/wp-json\/contact-form-7\/v1","name
[Wed, 24 Oct 2018 10:08:44 +0000] [/twozerooah/] [-] its not src=, flushing
[Wed, 24 Oct 2018 10:08:44 +0000] [/twozerooah/] [-] processing tag .script type='text/javascript' src='http://localhost/twozerooah/wp-content/plugins/contact-form-7/includes/js/scripts.js?ver=10.0.4'../script.
[Wed, 24 Oct 2018 10:08:44 +0000] [/twozerooah/] [-] is_file_for_minification: true for file twozerooah\/wp-content/plugins/contact-form-7/includes/js/scripts.js path C:\wamp64\www\twozerooah\/wp-content/plugins/contact-form-7/includes/js/scripts.js
[Wed, 24 Oct 2018 10:08:44 +0000] [/twozerooah/] [-] processing tag .script type='text/javascript' src='http://localhost/twozerooah/wp-content/plugins/kk-star-ratings/js.min.js?ver=2.6.1'../script.
[Wed, 24 Oct 2018 10:08:44 +0000] [/twozerooah/] [-] is_file_for_minification: true for file twozerooah\/wp-content/plugins/kk-star-ratings/js.min.js path C:\wamp64\www\twozerooah\/wp-content/plugins/kk-star-ratings/js.min.js
[Wed, 24 Oct 2018 10:08:44 +0000] [/twozerooah/] [-] processing tag .script type='text/javascript' src='http://localhost/twozerooah/wp-content/themes/wp-coupon/assets/js/libs/semantic.min.js?ver=4.9.8'../script.
[Wed, 24 Oct 2018 10:08:44 +0000] [/twozerooah/] [-] is_file_for_minification: true for file twozerooah\/wp-content/themes/wp-coupon/assets/js/libs/semantic.min.js path C:\wamp64\www\twozerooah\/wp-content/themes/wp-coupon/assets/js/libs/semantic.min.js
[Wed, 24 Oct 2018 10:08:44 +0000] [/twozerooah/] [-] processing tag ./head.
[Wed, 24 Oct 2018 10:08:44 +0000] [/twozerooah/] [-] its not src=, flushing
[Wed, 24 Oct 2018 10:08:44 +0000] [/twozerooah/] [-] processing tag .script async src="//pagead2.googlesyndication.com/pagead/js/adsbygoogle.js"../script.
[Wed, 24 Oct 2018 10:08:44 +0000] [/twozerooah/] [-] is_file_for_minification: external not whitelisted url //pagead2.googlesyndication.com/pagead/js/adsbygoogle.js
[Wed, 24 Oct 2018 10:08:45 +0000] [/twozerooah/] [-] file  didnt pass minification check: file_for_min: false ignore_js_files: false
[Wed, 24 Oct 2018 10:08:45 +0000] [/twozerooah/] [-] processing tag .script.
     (adsbygoogle = window.adsbygoogle || []).push({
          google_ad_client: "ca-pub-5804853485698561",
          enable_page_level_ads: 
[Wed, 24 Oct 2018 10:08:45 +0000] [/twozerooah/] [-] its not src=, flushing
[Wed, 24 Oct 2018 10:08:45 +0000] [/twozerooah/] [-] processing tag .script async src="//pagead2.googlesyndication.com/pagead/js/adsbygoogle.js"../script.
[Wed, 24 Oct 2018 10:08:45 +0000] [/twozerooah/] [-] is_file_for_minification: external not whitelisted url //pagead2.googlesyndication.com/pagead/js/adsbygoogle.js
[Wed, 24 Oct 2018 10:08:45 +0000] [/twozerooah/] [-] file  didnt pass minification check: file_for_min: false ignore_js_files: false
[Wed, 24 Oct 2018 10:08:45 +0000] [/twozerooah/] [-] processing tag .script.
(adsbygoogle = window.adsbygoogle || []).push({});
./script.
[Wed, 24 Oct 2018 10:08:45 +0000] [/twozerooah/] [-] its not src=, flushing
[Wed, 24 Oct 2018 10:08:45 +0000] [/twozerooah/] [-] processing tag .script.
jQuery( document ).ready(function()
{ jQuery('body . a').attr("rel", "");
});
./script.
[Wed, 24 Oct 2018 10:08:45 +0000] [/twozerooah/] [-] its not src=, flushing
[Wed, 24 Oct 2018 10:08:45 +0000] [/twozerooah/] [-] processing tag .script type='text/javascript'.
/* .![CDATA[ */
var cnArgs = {"ajaxurl":"http:\/\/localhost\/twozerooah\/wp-admin\/admin-ajax.php","hideEffect":"fade"
[Wed, 24 Oct 2018 10:08:45 +0000] [/twozerooah/] [-] its not src=, flushing
[Wed, 24 Oct 2018 10:08:45 +0000] [/twozerooah/] [-] processing tag .script type='text/javascript' src='http://localhost/twozerooah/wp-content/plugins/cookie-notice/js/front.min.js?ver=1.2.44'../script.
[Wed, 24 Oct 2018 10:08:45 +0000] [/twozerooah/] [-] is_file_for_minification: true for file twozerooah\/wp-content/plugins/cookie-notice/js/front.min.js path C:\wamp64\www\twozerooah\/wp-content/plugins/cookie-notice/js/front.min.js
[Wed, 24 Oct 2018 10:08:45 +0000] [/twozerooah/] [-] processing tag .script type='text/javascript'.
/* .![CDATA[ */
var es_widget_page_notices = {"es_email_notice":"Please enter email address","es_success_message":"Suc
[Wed, 24 Oct 2018 10:08:45 +0000] [/twozerooah/] [-] its not src=, flushing
[Wed, 24 Oct 2018 10:08:45 +0000] [/twozerooah/] [-] processing tag .script type='text/javascript' src='http://localhost/twozerooah/wp-content/plugins/email-subscribers/widget/es-widget-page.js?ver=4.9.8'../script.
[Wed, 24 Oct 2018 10:08:45 +0000] [/twozerooah/] [-] is_file_for_minification: true for file twozerooah\/wp-content/plugins/email-subscribers/widget/es-widget-page.js path C:\wamp64\www\twozerooah\/wp-content/plugins/email-subscribers/widget/es-widget-page.js
[Wed, 24 Oct 2018 10:08:45 +0000] [/twozerooah/] [-] processing tag .script type='text/javascript' src='http://localhost/twozerooah/wp-content/themes/wp-coupon/assets/js/libs.js?ver=4.9.8'../script.
[Wed, 24 Oct 2018 10:08:45 +0000] [/twozerooah/] [-] is_file_for_minification: true for file twozerooah\/wp-content/themes/wp-coupon/assets/js/libs.js path C:\wamp64\www\twozerooah\/wp-content/themes/wp-coupon/assets/js/libs.js
[Wed, 24 Oct 2018 10:08:45 +0000] [/twozerooah/] [-] processing tag .script type='text/javascript'.
/* .![CDATA[ */
var ST = {"ajax_url":"http:\/\/localhost\/twozerooah\/wp-admin\/admin-ajax.php","home_url":"http:\/\/l
[Wed, 24 Oct 2018 10:08:45 +0000] [/twozerooah/] [-] its not src=, flushing
[Wed, 24 Oct 2018 10:08:45 +0000] [/twozerooah/] [-] processing tag .script type='text/javascript' src='http://localhost/twozerooah/wp-content/themes/wp-coupon/assets/js/global.js?ver=4.9.8'../script.
[Wed, 24 Oct 2018 10:08:45 +0000] [/twozerooah/] [-] is_file_for_minification: true for file twozerooah\/wp-content/themes/wp-coupon/assets/js/global.js path C:\wamp64\www\twozerooah\/wp-content/themes/wp-coupon/assets/js/global.js
[Wed, 24 Oct 2018 10:08:45 +0000] [/twozerooah/] [-] processing tag .script type='text/javascript'.
/* .![CDATA[ */
var WP_Users = {"ajax_url":"http:\/\/localhost\/twozerooah\/wp-admin\/admin-ajax.php","current_action"
[Wed, 24 Oct 2018 10:08:45 +0000] [/twozerooah/] [-] its not src=, flushing
[Wed, 24 Oct 2018 10:08:45 +0000] [/twozerooah/] [-] processing tag .script type='text/javascript' src='http://localhost/twozerooah/wp-content/plugins/wp-users/public/assets/js/user.js?ver=1.0'../script.
[Wed, 24 Oct 2018 10:08:45 +0000] [/twozerooah/] [-] is_file_for_minification: true for file twozerooah\/wp-content/plugins/wp-users/public/assets/js/user.js path C:\wamp64\www\twozerooah\/wp-content/plugins/wp-users/public/assets/js/user.js
[Wed, 24 Oct 2018 10:08:45 +0000] [/twozerooah/] [-] processing tag .script type='text/javascript' src='http://localhost/twozerooah/wp-includes/js/wp-embed.min.js?ver=4.9.8'../script.
[Wed, 24 Oct 2018 10:08:45 +0000] [/twozerooah/] [-] is_file_for_minification: true for file twozerooah\/wp-includes/js/wp-embed.min.js path C:\wamp64\www\twozerooah\/wp-includes/js/wp-embed.min.js
[Wed, 24 Oct 2018 10:08:45 +0000] [/twozerooah/] [-] processing tag .script type='text/javascript' src='http://localhost/twozerooah/wp-content/themes/wp-coupon/inc/widgets/assets/js/owl.carousel.js?ver=4.9.8'../script.
[Wed, 24 Oct 2018 10:08:45 +0000] [/twozerooah/] [-] is_file_for_minification: true for file twozerooah\/wp-content/themes/wp-coupon/inc/widgets/assets/js/owl.carousel.js path C:\wamp64\www\twozerooah\/wp-content/themes/wp-coupon/inc/widgets/assets/js/owl.carousel.js
[Wed, 24 Oct 2018 10:08:45 +0000] [/twozerooah/] [-] processing tag .script type='text/javascript' src='http://localhost/twozerooah/wp-content/themes/wp-coupon/inc/widgets/assets/js/slider.js?ver=4.9.8'../script.
[Wed, 24 Oct 2018 10:08:45 +0000] [/twozerooah/] [-] is_file_for_minification: true for file twozerooah\/wp-content/themes/wp-coupon/inc/widgets/assets/js/slider.js path C:\wamp64\www\twozerooah\/wp-content/themes/wp-coupon/inc/widgets/assets/js/slider.js
[Wed, 24 Oct 2018 10:08:45 +0000] [/twozerooah/] [-] processing tag .script async.
    var modal = document.getElementById('myModal');
var btn = document.getElementById("myBtn");
var span = document.getElementsByClassN
[Wed, 24 Oct 2018 10:08:45 +0000] [/twozerooah/] [-] its not src=, flushing
[Wed, 24 Oct 2018 10:08:45 +0000] [/twozerooah/] [-] processing tag .script async.

	    jQuery(function() {
        var limit = 100;
        var chars = jQuery(".header-content p").text(); 
        if (chars.length . 
[Wed, 24 Oct 2018 10:08:45 +0000] [/twozerooah/] [-] its not src=, flushing
[Wed, 24 Oct 2018 10:08:45 +0000] [/twozerooah/] [-] adding http://localhost/twozerooah/wp-content/plugins/contact-form-7/includes/css/styles.css?ver=10.0.4
[Wed, 24 Oct 2018 10:08:45 +0000] [/twozerooah/] [-] is_file_for_minification: true for file twozerooah\/wp-content/plugins/contact-form-7/includes/css/styles.css path C:\wamp64\www\twozerooah\/wp-content/plugins/contact-form-7/includes/css/styles.css
[Wed, 24 Oct 2018 10:08:45 +0000] [/twozerooah/] [-] adding http://localhost/twozerooah/wp-content/plugins/cookie-notice/css/front.min.css?ver=4.9.8
[Wed, 24 Oct 2018 10:08:45 +0000] [/twozerooah/] [-] is_file_for_minification: true for file twozerooah\/wp-content/plugins/cookie-notice/css/front.min.css path C:\wamp64\www\twozerooah\/wp-content/plugins/cookie-notice/css/front.min.css
[Wed, 24 Oct 2018 10:08:45 +0000] [/twozerooah/] [-] adding http://localhost/twozerooah/wp-content/plugins/email-subscribers/widget/es-widget.css?ver=4.9.8
[Wed, 24 Oct 2018 10:08:45 +0000] [/twozerooah/] [-] is_file_for_minification: true for file twozerooah\/wp-content/plugins/email-subscribers/widget/es-widget.css path C:\wamp64\www\twozerooah\/wp-content/plugins/email-subscribers/widget/es-widget.css
[Wed, 24 Oct 2018 10:08:45 +0000] [/twozerooah/] [-] adding http://localhost/twozerooah/wp-content/plugins/kk-star-ratings/css.css?ver=2.6.1
[Wed, 24 Oct 2018 10:08:46 +0000] [/twozerooah/] [-] is_file_for_minification: true for file twozerooah\/wp-content/plugins/kk-star-ratings/css.css path C:\wamp64\www\twozerooah\/wp-content/plugins/kk-star-ratings/css.css
[Wed, 24 Oct 2018 10:08:46 +0000] [/twozerooah/] [-] adding http://localhost/twozerooah/wp-content/themes/wp-coupon/style.css?ver=4.9.8
[Wed, 24 Oct 2018 10:08:46 +0000] [/twozerooah/] [-] is_file_for_minification: true for file twozerooah\/wp-content/themes/wp-coupon/style.css path C:\wamp64\www\twozerooah\/wp-content/themes/wp-coupon/style.css
[Wed, 24 Oct 2018 10:08:46 +0000] [/twozerooah/] [-] adding http://localhost/twozerooah/wp-content/themes/wp-coupon/assets/css/semantic.min.css?ver=4.2.0
[Wed, 24 Oct 2018 10:08:46 +0000] [/twozerooah/] [-] is_file_for_minification: true for file twozerooah\/wp-content/themes/wp-coupon/assets/css/semantic.min.css path C:\wamp64\www\twozerooah\/wp-content/themes/wp-coupon/assets/css/semantic.min.css
[Wed, 24 Oct 2018 10:08:46 +0000] [/twozerooah/] [-] adding http://localhost/twozerooah/wp-content/plugins/wp-users/public/assets/css/style.css?ver=4.9.8
[Wed, 24 Oct 2018 10:08:46 +0000] [/twozerooah/] [-] is_file_for_minification: true for file twozerooah\/wp-content/plugins/wp-users/public/assets/css/style.css path C:\wamp64\www\twozerooah\/wp-content/plugins/wp-users/public/assets/css/style.css
[Wed, 24 Oct 2018 10:08:46 +0000] [/twozerooah/] [-] adding http://localhost/twozerooah/wp-content/plugins/coupon-wp-megamenu-addon/css/mega.css?ver=4.9.8
[Wed, 24 Oct 2018 10:08:46 +0000] [/twozerooah/] [-] is_file_for_minification: true for file twozerooah\/wp-content/plugins/coupon-wp-megamenu-addon/css/mega.css path C:\wamp64\www\twozerooah\/wp-content/plugins/coupon-wp-megamenu-addon/css/mega.css
